kotlin version: 2.2.0
error message: org.jetbrains.kotlin.backend.common.BackendException: Backend Internal error: Exception during IR lowering
File being compiled: /Users/yuchuan/CodeMX/MX/Launcher3/quickstep/src/com/android/quickstep/util/ContextualSearchInvoker.kt
The root cause java.lang.IllegalArgumentException was thrown at: org.jetbrains.kotlin.backend.jvm.lower.RecordEnclosingMethodsLowering$lower$1.visitFunctionAccess(RecordEnclosingMethodsLowering.kt:37)
	at org.jetbrains.kotlin.backend.common.BackendException$Companion.report(BackendException.kt:31)
	at org.jetbrains.kotlin.backend.common.BackendException$Companion.report$default(BackendException.kt:15)
	at org.jetbrains.kotlin.backend.common.phaser.PerformByIrFilePhase.invoke(PerformByIrFilePhase.kt:37)
	at org.jetbrains.kotlin.backend.common.phaser.PerformByIrFilePhase.invoke(PerformByIrFilePhase.kt:15)
	at org.jetbrains.kotlin.backend.common.phaser.PhaseEngine.runPhase(PhaseEngine.kt:64)
	at org.jetbrains.kotlin.backend.common.phaser.PhaseEngine.runPhase$default(PhaseEngine.kt:56)
	at org.jetbrains.kotlin.backend.jvm.JvmIrCodegenFactory.invokeLowerings(JvmIrCodegenFactory.kt:359)
	at org.jetbrains.kotlin.cli.jvm.compiler.legacy.pipeline.JvmCompilerPipelineKt.generateCodeFromIr(jvmCompilerPipeline.kt:170)
	at org.jetbrains.kotlin.kapt.FirKaptAnalysisHandlerExtension.contextForStubGeneration(FirKaptAnalysisHandlerExtension.kt:223)
	at org.jetbrains.kotlin.kapt.FirKaptAnalysisHandlerExtension.doAnalysis(FirKaptAnalysisHandlerExtension.kt:117)
	at org.jetbrains.kotlin.fir.extensions.FirAnalysisHandlerExtension$Companion.analyze(FirAnalysisHandlerExtension.kt:29)
	at org.jetbrains.kotlin.cli.pipeline.jvm.JvmFrontendPipelinePhase.executePhase(JvmFrontendPipelinePhase.kt:84)
	at org.jetbrains.kotlin.cli.pipeline.jvm.JvmFrontendPipelinePhase.executePhase(JvmFrontendPipelinePhase.kt:56)
	at org.jetbrains.kotlin.cli.pipeline.PipelinePhase.phaseBody(PipelinePhase.kt:68)
	at org.jetbrains.kotlin.cli.pipeline.PipelinePhase.phaseBody(PipelinePhase.kt:58)
	at org.jetbrains.kotlin.config.phaser.NamedCompilerPhase.invoke(CompilerPhase.kt:102)
	at org.jetbrains.kotlin.backend.common.phaser.CompositePhase.invoke(PhaseBuilders.kt:22)
	at org.jetbrains.kotlin.config.phaser.CompilerPhaseKt.invokeToplevel(CompilerPhase.kt:53)
	at org.jetbrains.kotlin.cli.pipeline.AbstractCliPipeline.runPhasedPipeline(AbstractCliPipeline.kt:109)
	at org.jetbrains.kotlin.cli.pipeline.AbstractCliPipeline.execute(AbstractCliPipeline.kt:68)
	at org.jetbrains.kotlin.cli.jvm.K2JVMCompiler.doExecutePhased(K2JVMCompiler.kt:78)
	at org.jetbrains.kotlin.cli.jvm.K2JVMCompiler.doExecutePhased(K2JVMCompiler.kt:44)
	at org.jetbrains.kotlin.cli.common.CLICompiler.execImpl(CLICompiler.kt:90)
	at org.jetbrains.kotlin.cli.common.CLICompiler.exec(CLICompiler.kt:352)
	at org.jetbrains.kotlin.incremental.IncrementalJvmCompilerRunnerBase.runCompiler(IncrementalJvmCompilerRunnerBase.kt:175)
	at org.jetbrains.kotlin.incremental.IncrementalJvmCompilerRunnerBase.runCompiler(IncrementalJvmCompilerRunnerBase.kt:38)
	at org.jetbrains.kotlin.incremental.IncrementalCompilerRunner.doCompile(IncrementalCompilerRunner.kt:504)
	at org.jetbrains.kotlin.incremental.IncrementalCompilerRunner.compileImpl(IncrementalCompilerRunner.kt:421)
	at org.jetbrains.kotlin.incremental.IncrementalCompilerRunner.tryCompileIncrementally$lambda$10$compile(IncrementalCompilerRunner.kt:254)
	at org.jetbrains.kotlin.incremental.IncrementalCompilerRunner.tryCompileIncrementally(IncrementalCompilerRunner.kt:272)
	at org.jetbrains.kotlin.incremental.IncrementalCompilerRunner.compile(IncrementalCompilerRunner.kt:124)
	at org.jetbrains.kotlin.daemon.CompileServiceImplBase.execIncrementalCompiler(CompileServiceImpl.kt:679)
	at org.jetbrains.kotlin.daemon.CompileServiceImplBase.access$execIncrementalCompiler(CompileServiceImpl.kt:93)
	at org.jetbrains.kotlin.daemon.CompileServiceImpl.compile(CompileServiceImpl.kt:1806)
	at java.base/jdk.internal.reflect.DirectMethodHandleAccessor.invoke(DirectMethodHandleAccessor.java:103)
	at java.base/java.lang.reflect.Method.invoke(Method.java:580)
	at java.rmi/sun.rmi.server.UnicastServerRef.dispatch(UnicastServerRef.java:360)
	at java.rmi/sun.rmi.transport.Transport$1.run(Transport.java:200)
	at java.rmi/sun.rmi.transport.Transport$1.run(Transport.java:197)
	at java.base/java.security.AccessController.doPrivileged(AccessController.java:714)
	at java.rmi/sun.rmi.transport.Transport.serviceCall(Transport.java:196)
	at java.rmi/sun.rmi.transport.tcp.TCPTransport.handleMessages(TCPTransport.java:598)
	at java.rmi/sun.rmi.transport.tcp.TCPTransport$ConnectionHandler.run0(TCPTransport.java:844)
	at java.rmi/sun.rmi.transport.tcp.TCPTransport$ConnectionHandler.lambda$run$0(TCPTransport.java:721)
	at java.base/java.security.AccessController.doPrivileged(AccessController.java:400)
	at java.rmi/sun.rmi.transport.tcp.TCPTransport$ConnectionHandler.run(TCPTransport.java:720)
	at java.base/java.util.concurrent.ThreadPoolExecutor.runWorker(ThreadPoolExecutor.java:1144)
	at java.base/java.util.concurrent.ThreadPoolExecutor$Worker.run(ThreadPoolExecutor.java:642)
	at java.base/java.lang.Thread.run(Thread.java:1583)
Caused by: java.lang.IllegalArgumentException: function call not in a method: CALL 'public final fun or (<this>: java.math.BigInteger, other: java.math.BigInteger): java.math.BigInteger [inline,infix] declared in kotlin.NumbersKt' type=java.math.BigInteger origin=null
	at org.jetbrains.kotlin.backend.jvm.lower.RecordEnclosingMethodsLowering$lower$1.visitFunctionAccess(RecordEnclosingMethodsLowering.kt:37)
	at org.jetbrains.kotlin.backend.jvm.lower.RecordEnclosingMethodsLowering$lower$1.visitFunctionAccess(RecordEnclosingMethodsLowering.kt:32)
	at org.jetbrains.kotlin.ir.visitors.IrVisitor.visitCall(IrVisitor.kt:146)
	at org.jetbrains.kotlin.ir.expressions.IrCall.accept(IrCall.kt:24)
	at org.jetbrains.kotlin.ir.expressions.IrExpressionBody.acceptChildren(IrExpressionBody.kt:27)
	at org.jetbrains.kotlin.backend.jvm.lower.RecordEnclosingMethodsLowering$lower$1.visitElement(RecordEnclosingMethodsLowering.kt:34)
	at org.jetbrains.kotlin.backend.jvm.lower.RecordEnclosingMethodsLowering$lower$1.visitElement(RecordEnclosingMethodsLowering.kt:32)
	at org.jetbrains.kotlin.ir.visitors.IrVisitor.visitBody(IrVisitor.kt:86)
	at org.jetbrains.kotlin.ir.visitors.IrVisitor.visitExpressionBody(IrVisitor.kt:89)
	at org.jetbrains.kotlin.ir.expressions.IrExpressionBody.accept(IrExpressionBody.kt:21)
	at org.jetbrains.kotlin.ir.declarations.IrField.acceptChildren(IrField.kt:43)
	at org.jetbrains.kotlin.backend.jvm.lower.RecordEnclosingMethodsLowering$lower$1.visitElement(RecordEnclosingMethodsLowering.kt:34)
	at org.jetbrains.kotlin.backend.jvm.lower.RecordEnclosingMethodsLowering$lower$1.visitElement(RecordEnclosingMethodsLowering.kt:32)
	at org.jetbrains.kotlin.ir.visitors.IrVisitor.visitDeclaration(IrVisitor.kt:23)
	at org.jetbrains.kotlin.ir.visitors.IrVisitor.visitField(IrVisitor.kt:47)
	at org.jetbrains.kotlin.ir.declarations.IrField.accept(IrField.kt:40)
	at org.jetbrains.kotlin.ir.declarations.IrClass.acceptChildren(IrClass.kt:76)
	at org.jetbrains.kotlin.backend.jvm.lower.RecordEnclosingMethodsLowering$lower$1.visitElement(RecordEnclosingMethodsLowering.kt:34)
	at org.jetbrains.kotlin.backend.jvm.lower.RecordEnclosingMethodsLowering$lower$1.visitElement(RecordEnclosingMethodsLowering.kt:32)
	at org.jetbrains.kotlin.ir.visitors.IrVisitor.visitDeclaration(IrVisitor.kt:23)
	at org.jetbrains.kotlin.ir.visitors.IrVisitor.visitClass(IrVisitor.kt:29)
	at org.jetbrains.kotlin.ir.declarations.IrClass.accept(IrClass.kt:72)
	at org.jetbrains.kotlin.ir.declarations.IrPackageFragment.acceptChildren(IrPackageFragment.kt:27)
	at org.jetbrains.kotlin.backend.jvm.lower.RecordEnclosingMethodsLowering$lower$1.visitElement(RecordEnclosingMethodsLowering.kt:34)
	at org.jetbrains.kotlin.backend.jvm.lower.RecordEnclosingMethodsLowering$lower$1.visitElement(RecordEnclosingMethodsLowering.kt:32)
	at org.jetbrains.kotlin.ir.visitors.IrVisitor.visitPackageFragment(IrVisitor.kt:74)
	at org.jetbrains.kotlin.ir.visitors.IrVisitor.visitFile(IrVisitor.kt:80)
	at org.jetbrains.kotlin.ir.declarations.IrFile.accept(IrFile.kt:27)
	at org.jetbrains.kotlin.backend.jvm.lower.RecordEnclosingMethodsLowering.lower(RecordEnclosingMethodsLowering.kt:32)
	at org.jetbrains.kotlin.backend.common.phaser.PhaseFactoriesKt.createFilePhase$lambda$4(PhaseFactories.kt:88)
	at org.jetbrains.kotlin.backend.common.phaser.PhaseBuildersKt$createSimpleNamedCompilerPhase$1.phaseBody(PhaseBuilders.kt:58)
	at org.jetbrains.kotlin.config.phaser.NamedCompilerPhase.invoke(CompilerPhase.kt:102)
	at org.jetbrains.kotlin.backend.common.phaser.PerformByIrFilePhase.invoke(PerformByIrFilePhase.kt:34)
	... 46 more


