kotlin version: 2.1.21
error message: java.lang.OutOfMemoryError: Java heap space
	at java.base/jdk.internal.org.objectweb.asm.SymbolTable.addConstantUtf8(SymbolTable.java:807)
	at java.base/jdk.internal.org.objectweb.asm.SymbolTable.addConstantNameAndType(SymbolTable.java:772)
	at java.base/jdk.internal.org.objectweb.asm.SymbolTable.addConstantMemberReference(SymbolTable.java:604)
	at java.base/jdk.internal.org.objectweb.asm.SymbolTable.addConstantMethodref(SymbolTable.java:574)
	at java.base/jdk.internal.org.objectweb.asm.MethodWriter.visitMethodInsn(MethodWriter.java:1068)
	at java.base/jdk.internal.org.objectweb.asm.MethodVisitor.visitMethodInsn(MethodVisitor.java:466)
	at java.base/java.lang.invoke.InnerClassLambdaMetafactory$ForwardingMethodGenerator.generate(InnerClassLambdaMetafactory.java:526)
	at java.base/java.lang.invoke.InnerClassLambdaMetafactory.generateInnerClass(InnerClassLambdaMetafactory.java:336)
	at java.base/java.lang.invoke.InnerClassLambdaMetafactory.spinInnerClass(InnerClassLambdaMetafactory.java:286)
	at java.base/java.lang.invoke.InnerClassLambdaMetafactory.buildCallSite(InnerClassLambdaMetafactory.java:221)
	at java.base/java.lang.invoke.LambdaMetafactory.metafactory(LambdaMetafactory.java:341)
	at java.base/java.lang.invoke.LambdaForm$DMH/0x000000780108c000.invokeStatic(LambdaForm$DMH)
	at java.base/java.lang.invoke.Invokers$Holder.invokeExact_MT(Invokers$Holder)
	at java.base/java.lang.invoke.BootstrapMethodInvoker.invoke(BootstrapMethodInvoker.java:134)
	at java.base/java.lang.invoke.CallSite.makeSite(CallSite.java:316)
	at java.base/java.lang.invoke.MethodHandleNatives.linkCallSiteImpl(MethodHandleNatives.java:274)
	at java.base/java.lang.invoke.MethodHandleNatives.linkCallSite(MethodHandleNatives.java:264)
	at org.jetbrains.kotlin.fir.pipeline.Fir2IrPipeline.buildForAll(convertToIr.kt:377)
	at org.jetbrains.kotlin.fir.pipeline.Fir2IrPipeline.buildFakeOverrides(convertToIr.kt:308)
	at org.jetbrains.kotlin.fir.pipeline.Fir2IrPipeline.buildFakeOverridesAndPlatformSpecificDeclarations(convertToIr.kt:297)
	at org.jetbrains.kotlin.fir.pipeline.Fir2IrPipeline.runActualizationPipeline(convertToIr.kt:207)
	at org.jetbrains.kotlin.fir.pipeline.Fir2IrPipeline.convertToIrAndActualize(convertToIr.kt:130)
	at org.jetbrains.kotlin.fir.pipeline.ConvertToIrKt.convertToIrAndActualize(convertToIr.kt:100)
	at org.jetbrains.kotlin.fir.pipeline.ConvertToIrKt.convertToIrAndActualize$default(convertToIr.kt:75)
	at org.jetbrains.kotlin.cli.jvm.compiler.legacy.pipeline.JvmCompilerPipelineKt.convertToIrAndActualizeForJvm(jvmCompilerPipeline.kt:108)
	at org.jetbrains.kotlin.cli.jvm.compiler.legacy.pipeline.JvmCompilerPipelineKt.convertAnalyzedFirToIr(jvmCompilerPipeline.kt:81)
	at org.jetbrains.kotlin.kapt4.FirKaptAnalysisHandlerExtension.contextForStubGeneration(FirKaptAnalysisHandlerExtension.kt:230)
	at org.jetbrains.kotlin.kapt4.FirKaptAnalysisHandlerExtension.doAnalysis(FirKaptAnalysisHandlerExtension.kt:126)
	at org.jetbrains.kotlin.fir.extensions.FirAnalysisHandlerExtension$Companion.analyze(FirAnalysisHandlerExtension.kt:29)
	at org.jetbrains.kotlin.cli.pipeline.jvm.JvmFrontendPipelinePhase.executePhase(JvmFrontendPipelinePhase.kt:76)
	at org.jetbrains.kotlin.cli.pipeline.jvm.JvmFrontendPipelinePhase.executePhase(JvmFrontendPipelinePhase.kt:56)
	at org.jetbrains.kotlin.cli.pipeline.PipelinePhase.phaseBody(PipelinePhase.kt:68)


