kotlin version: 2.1.21
error message: java.lang.OutOfMemoryError: GC overhead limit exceeded
	at kotlin.LazyKt__LazyJVMKt.lazy(LazyJVM.kt:23)
	at org.jetbrains.kotlin.fir.resolve.substitution.AbstractConeSubstitutor.substituteArguments(AbstractConeSubstitutor.kt:125)
	at org.jetbrains.kotlin.fir.resolve.substitution.AbstractConeSubstitutor.substituteRecursive(AbstractConeSubstitutor.kt:70)
	at org.jetbrains.kotlin.fir.resolve.substitution.AbstractConeSubstitutor.substituteOrNull(AbstractConeSubstitutor.kt:42)
	at org.jetbrains.kotlin.fir.scopes.impl.FirClassSubstitutionScope.substituteDispatchReceiverType(FirClassSubstitutionScope.kt:123)
	at org.jetbrains.kotlin.fir.scopes.impl.FirClassSubstitutionScope.createSubstitutionOverrideFunction(FirClassSubstitutionScope.kt:151)
	at org.jetbrains.kotlin.fir.scopes.impl.FirSubstitutionOverrideStorage$SubstitutionOverrideCache.overridesForFunctions$lambda$0(FirClassSubstitutionScope.kt:392)
	at org.jetbrains.kotlin.fir.scopes.impl.FirSubstitutionOverrideStorage$SubstitutionOverrideCache$$Lambda/0x000000780169ed38.invoke(Unknown Source)
	at org.jetbrains.kotlin.fir.caches.FirThreadUnsafeCache.getValue(FirThreadUnsafeCachesFactory.kt:57)
	at org.jetbrains.kotlin.fir.scopes.impl.FirClassSubstitutionScope.processFunctionsByName$lambda$0(FirClassSubstitutionScope.kt:52)
	at org.jetbrains.kotlin.fir.scopes.impl.FirClassSubstitutionScope$$Lambda/0x000000780169f760.invoke(Unknown Source)
	at org.jetbrains.kotlin.fir.java.scopes.JavaClassMembersEnhancementScope.processFunctionsByName$lambda$2(JavaClassMembersEnhancementScope.kt:50)
	at org.jetbrains.kotlin.fir.java.scopes.JavaClassMembersEnhancementScope$$Lambda/0x000000780168b018.invoke(Unknown Source)
	at org.jetbrains.kotlin.fir.scopes.impl.AbstractFirUseSiteMemberScope.processFunctionsByName(AbstractFirUseSiteMemberScope.kt:66)
	at org.jetbrains.kotlin.fir.java.scopes.JavaClassMembersEnhancementScope.processFunctionsByName(JavaClassMembersEnhancementScope.kt:45)
	at org.jetbrains.kotlin.fir.scopes.impl.FirClassSubstitutionScope.processFunctionsByName(FirClassSubstitutionScope.kt:51)
	at org.jetbrains.kotlin.fir.scopes.impl.AbstractFirUseSiteMemberScope.getFunctionsFromSupertypesByName(AbstractFirUseSiteMemberScope.kt:149)
	at org.jetbrains.kotlin.fir.scopes.impl.AbstractFirUseSiteMemberScope.collectFunctionsFromSupertypes(AbstractFirUseSiteMemberScope.kt:99)
	at org.jetbrains.kotlin.fir.scopes.impl.AbstractFirUseSiteMemberScope.collectFunctions(AbstractFirUseSiteMemberScope.kt:75)
	at org.jetbrains.kotlin.fir.scopes.impl.AbstractFirUseSiteMemberScope.processFunctionsByName(AbstractFirUseSiteMemberScope.kt:64)
	at org.jetbrains.kotlin.fir.scopes.FirContainingNamesAwareScopeKt.processAllFunctions(FirContainingNamesAwareScope.kt:24)
	at org.jetbrains.kotlin.fir.analysis.checkers.declaration.FirOverrideChecker.check(FirOverrideChecker.kt:153)
	at org.jetbrains.kotlin.fir.analysis.checkers.declaration.FirOverrideChecker$Regular.check(FirOverrideChecker.kt:112)
	at org.jetbrains.kotlin.fir.analysis.checkers.declaration.FirOverrideChecker$Regular.check(FirOverrideChecker.kt:109)
	at org.jetbrains.kotlin.fir.analysis.checkers.declaration.DeclarationCheckersDiagnosticComponent.visitAnonymousObject(DeclarationCheckersDiagnosticComponent.kt:529)
	at org.jetbrains.kotlin.fir.analysis.checkers.declaration.DeclarationCheckersDiagnosticComponent.visitAnonymousObject(DeclarationCheckersDiagnosticComponent.kt:25)
	at org.jetbrains.kotlin.fir.declarations.FirAnonymousObject.accept(FirAnonymousObject.kt:43)
	at org.jetbrains.kotlin.fir.analysis.collectors.CheckerRunningDiagnosticCollectorVisitor.checkElement(CheckerRunningDiagnosticCollectorVisitor.kt:24)
	at org.jetbrains.kotlin.fir.analysis.collectors.AbstractDiagnosticCollectorVisitor.access$checkElement(AbstractDiagnosticCollectorVisitor.kt:29)
	at org.jetbrains.kotlin.fir.analysis.collectors.AbstractDiagnosticCollectorVisitor.visitAnonymousObject(AbstractDiagnosticCollectorVisitor.kt:644)
	at org.jetbrains.kotlin.fir.analysis.collectors.AbstractDiagnosticCollectorVisitor.visitAnonymousObject(AbstractDiagnosticCollectorVisitor.kt:29)
	at org.jetbrains.kotlin.fir.declarations.FirAnonymousObject.accept(FirAnonymousObject.kt:43)


